  sort.c
d:\code\ds\数据结构\sort\sort\sort.c(347): warning C4013: “memcpy”未定义；假设外部返回 int
d:\code\ds\数据结构\sort\sort\sort.c(365): warning C4013: “IsEmpty”未定义；假设外部返回 int
d:\code\ds\数据结构\sort\sort\sort.c(793): warning C4477: “printf”: 格式字符串“%d”需要类型“int”的参数，但可变参数 1 拥有了类型“time_t”
  d:\code\ds\数据结构\sort\sort\sort.c(793): note: 请考虑在格式字符串中使用“%lld”
  d:\code\ds\数据结构\sort\sort\sort.c(793): note: 请考虑在格式字符串中使用“%I64d”
d:\code\ds\数据结构\sort\sort\sort.c(798): warning C4477: “printf”: 格式字符串“%d”需要类型“int”的参数，但可变参数 1 拥有了类型“time_t”
  d:\code\ds\数据结构\sort\sort\sort.c(798): note: 请考虑在格式字符串中使用“%lld”
  d:\code\ds\数据结构\sort\sort\sort.c(798): note: 请考虑在格式字符串中使用“%I64d”
d:\code\ds\数据结构\sort\sort\sort.c(803): warning C4477: “printf”: 格式字符串“%d”需要类型“int”的参数，但可变参数 1 拥有了类型“time_t”
  d:\code\ds\数据结构\sort\sort\sort.c(803): note: 请考虑在格式字符串中使用“%lld”
  d:\code\ds\数据结构\sort\sort\sort.c(803): note: 请考虑在格式字符串中使用“%I64d”
d:\code\ds\数据结构\sort\sort\sort.c(808): warning C4477: “printf”: 格式字符串“%d”需要类型“int”的参数，但可变参数 1 拥有了类型“time_t”
  d:\code\ds\数据结构\sort\sort\sort.c(808): note: 请考虑在格式字符串中使用“%lld”
  d:\code\ds\数据结构\sort\sort\sort.c(808): note: 请考虑在格式字符串中使用“%I64d”
d:\code\ds\数据结构\sort\sort\sort.c(813): warning C4477: “printf”: 格式字符串“%d”需要类型“int”的参数，但可变参数 1 拥有了类型“time_t”
  d:\code\ds\数据结构\sort\sort\sort.c(813): note: 请考虑在格式字符串中使用“%lld”
  d:\code\ds\数据结构\sort\sort\sort.c(813): note: 请考虑在格式字符串中使用“%I64d”
d:\code\ds\数据结构\sort\sort\sort.c(818): warning C4477: “printf”: 格式字符串“%d”需要类型“int”的参数，但可变参数 1 拥有了类型“time_t”
  d:\code\ds\数据结构\sort\sort\sort.c(818): note: 请考虑在格式字符串中使用“%lld”
  d:\code\ds\数据结构\sort\sort\sort.c(818): note: 请考虑在格式字符串中使用“%I64d”
d:\code\ds\数据结构\sort\sort\sort.c(823): warning C4477: “printf”: 格式字符串“%d”需要类型“int”的参数，但可变参数 1 拥有了类型“time_t”
  d:\code\ds\数据结构\sort\sort\sort.c(823): note: 请考虑在格式字符串中使用“%lld”
  d:\code\ds\数据结构\sort\sort\sort.c(823): note: 请考虑在格式字符串中使用“%I64d”
d:\code\ds\数据结构\sort\sort\sort.c(828): warning C4477: “printf”: 格式字符串“%d”需要类型“int”的参数，但可变参数 1 拥有了类型“time_t”
  d:\code\ds\数据结构\sort\sort\sort.c(828): note: 请考虑在格式字符串中使用“%lld”
  d:\code\ds\数据结构\sort\sort\sort.c(828): note: 请考虑在格式字符串中使用“%I64d”
d:\code\ds\数据结构\sort\sort\sort.c(833): warning C4477: “printf”: 格式字符串“%d”需要类型“int”的参数，但可变参数 1 拥有了类型“time_t”
  d:\code\ds\数据结构\sort\sort\sort.c(833): note: 请考虑在格式字符串中使用“%lld”
  d:\code\ds\数据结构\sort\sort\sort.c(833): note: 请考虑在格式字符串中使用“%I64d”
d:\code\ds\数据结构\sort\sort\sort.c(838): warning C4477: “printf”: 格式字符串“%d”需要类型“int”的参数，但可变参数 1 拥有了类型“time_t”
  d:\code\ds\数据结构\sort\sort\sort.c(838): note: 请考虑在格式字符串中使用“%lld”
  d:\code\ds\数据结构\sort\sort\sort.c(838): note: 请考虑在格式字符串中使用“%I64d”
d:\code\ds\数据结构\sort\sort\sort.c(843): warning C4477: “printf”: 格式字符串“%d”需要类型“int”的参数，但可变参数 1 拥有了类型“time_t”
  d:\code\ds\数据结构\sort\sort\sort.c(843): note: 请考虑在格式字符串中使用“%lld”
  d:\code\ds\数据结构\sort\sort\sort.c(843): note: 请考虑在格式字符串中使用“%I64d”
d:\code\ds\数据结构\sort\sort\sort.c(848): warning C4477: “printf”: 格式字符串“%d”需要类型“int”的参数，但可变参数 1 拥有了类型“time_t”
  d:\code\ds\数据结构\sort\sort\sort.c(848): note: 请考虑在格式字符串中使用“%lld”
  d:\code\ds\数据结构\sort\sort\sort.c(848): note: 请考虑在格式字符串中使用“%I64d”
d:\code\ds\数据结构\sort\sort\sort.c(853): warning C4477: “printf”: 格式字符串“%d”需要类型“int”的参数，但可变参数 1 拥有了类型“time_t”
  d:\code\ds\数据结构\sort\sort\sort.c(853): note: 请考虑在格式字符串中使用“%lld”
  d:\code\ds\数据结构\sort\sort\sort.c(853): note: 请考虑在格式字符串中使用“%I64d”
d:\code\ds\数据结构\sort\sort\sort.c(858): warning C4477: “printf”: 格式字符串“%d”需要类型“int”的参数，但可变参数 1 拥有了类型“time_t”
  d:\code\ds\数据结构\sort\sort\sort.c(858): note: 请考虑在格式字符串中使用“%lld”
  d:\code\ds\数据结构\sort\sort\sort.c(858): note: 请考虑在格式字符串中使用“%I64d”
d:\code\ds\数据结构\sort\sort\sort.c(532): warning C4716: “creatNode”: 必须返回一个值
  sort.vcxproj -> D:\code\DS\数据结构\sort\Debug\sort.exe
