d:\code\项目\文件压缩\文件压缩\debug\vc141.pdb
d:\code\项目\文件压缩\文件压缩\debug\vc141.idb
d:\code\项目\文件压缩\文件压缩\debug\test.obj
d:\code\项目\文件压缩\文件压缩\debug\filecompress.obj
d:\code\项目\文件压缩\debug\文件压缩.pdb
d:\code\项目\文件压缩\文件压缩\debug\文件压缩.tlog\cl.command.1.tlog
d:\code\项目\文件压缩\文件压缩\debug\文件压缩.tlog\cl.read.1.tlog
d:\code\项目\文件压缩\文件压缩\debug\文件压缩.tlog\cl.write.1.tlog
d:\code\项目\文件压缩\文件压缩\debug\文件压缩.tlog\link-cvtres.read.1.tlog
d:\code\项目\文件压缩\文件压缩\debug\文件压缩.tlog\link-cvtres.write.1.tlog
d:\code\项目\文件压缩\文件压缩\debug\文件压缩.tlog\link-rc.read.1.tlog
d:\code\项目\文件压缩\文件压缩\debug\文件压缩.tlog\link-rc.write.1.tlog
d:\code\项目\文件压缩\文件压缩\debug\文件压缩.tlog\link.5472-cvtres.read.1.tlog
d:\code\项目\文件压缩\文件压缩\debug\文件压缩.tlog\link.5472-cvtres.write.1.tlog
d:\code\项目\文件压缩\文件压缩\debug\文件压缩.tlog\link.5472-rc.read.1.tlog
d:\code\项目\文件压缩\文件压缩\debug\文件压缩.tlog\link.5472-rc.write.1.tlog
d:\code\项目\文件压缩\文件压缩\debug\文件压缩.tlog\link.5472.read.1.tlog
d:\code\项目\文件压缩\文件压缩\debug\文件压缩.tlog\link.5472.write.1.tlog
d:\code\项目\文件压缩\文件压缩\debug\文件压缩.tlog\link.command.1.tlog
d:\code\项目\文件压缩\文件压缩\debug\文件压缩.tlog\link.read.1.tlog
d:\code\项目\文件压缩\文件压缩\debug\文件压缩.tlog\link.write.1.tlog
